0 info it worked if it ends with ok
1 verbose cli [ '/Users/mjacobsen/.nvm/versions/node/v0.12.3/bin/node',
1 verbose cli   '/Users/mjacobsen/.nvm/versions/node/v0.12.3/bin/npm',
1 verbose cli   'run',
1 verbose cli   'start' ]
2 info using npm@2.9.1
3 info using node@v0.12.3
4 verbose run-script [ 'prestart', 'start', 'poststart' ]
5 info prestart wp-api-react@1.0.0
6 info start wp-api-react@1.0.0
7 verbose unsafe-perm in lifecycle true
8 info wp-api-react@1.0.0 Failed to exec start script
9 verbose stack Error: wp-api-react@1.0.0 start: `webpack-dev-server --inline --progress --config webpack.dev.js`
9 verbose stack Exit status 1
9 verbose stack     at EventEmitter.<anonymous> (/Users/mjacobsen/.nvm/versions/node/v0.12.3/lib/node_modules/npm/lib/utils/lifecycle.js:213:16)
9 verbose stack     at EventEmitter.emit (events.js:110:17)
9 verbose stack     at ChildProcess.<anonymous> (/Users/mjacobsen/.nvm/versions/node/v0.12.3/lib/node_modules/npm/lib/utils/spawn.js:24:14)
9 verbose stack     at ChildProcess.emit (events.js:110:17)
9 verbose stack     at maybeClose (child_process.js:1015:16)
9 verbose stack     at Process.ChildProcess._handle.onexit (child_process.js:1087:5)
10 verbose pkgid wp-api-react@1.0.0
11 verbose cwd /Users/mjacobsen/Documents/tutorials/react-projects/wordpress/wp-api-react
12 error Darwin 16.7.0
13 error argv "/Users/mjacobsen/.nvm/versions/node/v0.12.3/bin/node" "/Users/mjacobsen/.nvm/versions/node/v0.12.3/bin/npm" "run" "start"
14 error node v0.12.3
15 error npm  v2.9.1
16 error code ELIFECYCLE
17 error wp-api-react@1.0.0 start: `webpack-dev-server --inline --progress --config webpack.dev.js`
17 error Exit status 1
18 error Failed at the wp-api-react@1.0.0 start script 'webpack-dev-server --inline --progress --config webpack.dev.js'.
18 error This is most likely a problem with the wp-api-react package,
18 error not with npm itself.
18 error Tell the author that this fails on your system:
18 error     webpack-dev-server --inline --progress --config webpack.dev.js
18 error You can get their info via:
18 error     npm owner ls wp-api-react
18 error There is likely additional logging output above.
19 verbose exit [ 1, true ]
